<?xml version="1.0" encoding="UTF-8"?>
<testsuite errors="0" failures="0" name="mypybuilder_tests.Test-20190207131201" skipped="0" tests="1" time="0.000" timestamp="2019-02-07T13:12:01">
	<testcase classname="mypybuilder_tests.Test" name="test_should_write_hello_world" time="0.000" timestamp="2019-02-07T13:12:01"/>
	<system-out>
<![CDATA[]]>	</system-out>
	<system-err>
<![CDATA[]]>	</system-err>
</testsuite>
