<?xml version="1.0" encoding="UTF-8"?>
<testsuite errors="0" failures="0" name="mypybuilder_tests.Test-20190211111421" skipped="0" tests="1" time="0.002" timestamp="2019-02-11T11:14:21">
	<testcase classname="mypybuilder_tests.Test" name="test_should_write_hello_world" time="0.002" timestamp="2019-02-11T11:14:21"/>
	<system-out>
<![CDATA[]]>	</system-out>
	<system-err>
<![CDATA[]]>	</system-err>
</testsuite>
